[2020-04-03 16:05:58,187] multiqc                                            [DEBUG  ]  No MultiQC config found: /sw/bioinfo/MultiQC/1.8/rackham/lib/python3.6/site-packages/multiqc_config.yaml
[2020-04-03 16:05:58,188] multiqc                                            [DEBUG  ]  No MultiQC config found: /home/camil/.multiqc_config.yaml
[2020-04-03 16:05:58,188] multiqc                                            [DEBUG  ]  No MultiQC config found: multiqc_config.yaml
[2020-04-03 16:05:58,188] multiqc                                            [DEBUG  ]  Command used: /sw/bioinfo/MultiQC/1.8/rackham/bin/multiqc .
[2020-04-03 16:05:58,440] multiqc                                            [DEBUG  ]  Latest MultiQC version is v1.8
[2020-04-03 16:05:58,441] multiqc                                            [INFO   ]  This is MultiQC v1.8
[2020-04-03 16:05:58,441] multiqc                                            [DEBUG  ]  Command     : /sw/bioinfo/MultiQC/1.8/rackham/bin/multiqc .
[2020-04-03 16:05:58,441] multiqc                                            [DEBUG  ]  Working dir : /domus/h1/camil/private/Genome_Analysis_Paper_4/analyses/1_assembly/1_1_reads_quality_control
[2020-04-03 16:05:58,441] multiqc                                            [INFO   ]  Template    : default
[2020-04-03 16:05:58,441] multiqc                                            [DEBUG  ]  Running Python 3.6.8 (default, Mar 14 2019, 16:13:09)  [GCC 4.8.5 20150623 (Red Hat 4.8.5-36)]
[2020-04-03 16:05:58,442] multiqc                                            [INFO   ]  Searching   : /domus/h1/camil/private/Genome_Analysis_Paper_4/analyses/1_assembly/1_1_reads_quality_control
[2020-04-03 16:05:58,443] multiqc                                            [DEBUG  ]  Analysing modules: custom_content, conpair, peddy, methylQA, phantompeakqualtools, qualimap, preseq, quast, qorts, rna_seqc, rsem, rseqc, busco, goleft_indexcov, disambiguate, supernova, deeptools, sargasso, verifybamid, mirtrace, happy, homer, macs2, theta2, snpeff, gatk, htseq, bcftools, featureCounts, fgbio, dedup, damageprofiler, biobambam2, mtnucratio, picard, prokka, samblaster, samtools, sexdeterrmine, bamtools, jellyfish, vcftools, longranger, stacks, bbmap, bismark, biscuit, hicexplorer, hicup, hicpro, salmon, kallisto, slamdunk, star, hisat2, tophat, bowtie2, bowtie1, kat, leehom, adapterRemoval, clipandmerge, cutadapt, flexbar, trimmomatic, skewer, sortmerna, biobloomtools, fastq_screen, afterqc, fastp, fastqc, minionqc, mosdepth, clusterflow, bcl2fastq, interop, flash, seqyclean
[2020-04-03 16:05:58,443] multiqc                                            [DEBUG  ]  Using temporary directory for creating report: /scratch/13141445/tmpy8qree3a
[2020-04-03 16:05:58,620] multiqc                                            [DEBUG  ]  Ignoring file as matched an ignore pattern: SRR4342129_1.paired.trimmed_fastqc.html
[2020-04-03 16:05:58,621] multiqc                                            [DEBUG  ]  Ignoring file as matched an ignore pattern: SRR4342129_2.paired.trimmed_fastqc.html
[2020-04-03 16:05:58,621] multiqc                                            [DEBUG  ]  Ignoring file as matched an ignore pattern: SRR4342133_1.paired.trimmed_fastqc.html
[2020-04-03 16:05:58,621] multiqc                                            [DEBUG  ]  Ignoring file as matched an ignore pattern: SRR4342133_2.paired.trimmed_fastqc.html
[2020-04-03 16:05:58,692] multiqc                                            [DEBUG  ]  Ignoring file as matched an ignore pattern: fastqc_report.html
[2020-04-03 16:05:58,711] multiqc                                            [DEBUG  ]  File ignored by longranger/invocation because it exceeded search pattern filesize limit: fastqc.fo
[2020-04-03 16:05:58,807] multiqc                                            [DEBUG  ]  Ignoring file as matched an ignore pattern: fastqc_report.html
[2020-04-03 16:05:58,826] multiqc                                            [DEBUG  ]  File ignored by longranger/invocation because it exceeded search pattern filesize limit: fastqc.fo
[2020-04-03 16:05:58,918] multiqc                                            [DEBUG  ]  Ignoring file as matched an ignore pattern: fastqc_report.html
[2020-04-03 16:05:58,939] multiqc                                            [DEBUG  ]  File ignored by longranger/invocation because it exceeded search pattern filesize limit: fastqc.fo
[2020-04-03 16:05:59,033] multiqc                                            [DEBUG  ]  Ignoring file as matched an ignore pattern: fastqc_report.html
[2020-04-03 16:05:59,053] multiqc                                            [DEBUG  ]  File ignored by longranger/invocation because it exceeded search pattern filesize limit: fastqc.fo
[2020-04-03 16:05:59,586] multiqc.plots.bargraph                             [DEBUG  ]  Using matplotlib version 3.1.1
[2020-04-03 16:05:59,587] multiqc.plots.linegraph                            [DEBUG  ]  Using matplotlib version 3.1.1
[2020-04-03 16:05:59,590] multiqc                                            [DEBUG  ]  No samples found: custom_content
[2020-04-03 16:05:59,598] multiqc                                            [DEBUG  ]  No samples found: conpair
[2020-04-03 16:05:59,606] multiqc                                            [DEBUG  ]  No samples found: peddy
[2020-04-03 16:05:59,614] multiqc                                            [DEBUG  ]  No samples found: methylQA
[2020-04-03 16:05:59,622] multiqc                                            [DEBUG  ]  No samples found: phantompeakqualtools
[2020-04-03 16:05:59,632] multiqc                                            [DEBUG  ]  No samples found: qualimap
[2020-04-03 16:05:59,640] multiqc                                            [DEBUG  ]  No samples found: preseq
[2020-04-03 16:05:59,648] multiqc                                            [DEBUG  ]  No samples found: quast
[2020-04-03 16:05:59,656] multiqc                                            [DEBUG  ]  No samples found: qorts
[2020-04-03 16:05:59,664] multiqc                                            [DEBUG  ]  No samples found: rna_seqc
[2020-04-03 16:05:59,672] multiqc                                            [DEBUG  ]  No samples found: rsem
[2020-04-03 16:05:59,690] multiqc                                            [DEBUG  ]  No samples found: rseqc
[2020-04-03 16:05:59,698] multiqc                                            [DEBUG  ]  No samples found: busco
[2020-04-03 16:05:59,706] multiqc                                            [DEBUG  ]  No samples found: goleft_indexcov
[2020-04-03 16:05:59,714] multiqc                                            [DEBUG  ]  No samples found: disambiguate
[2020-04-03 16:05:59,723] multiqc                                            [DEBUG  ]  No samples found: supernova
[2020-04-03 16:05:59,742] multiqc                                            [DEBUG  ]  No samples found: deeptools
[2020-04-03 16:05:59,751] multiqc                                            [DEBUG  ]  No samples found: sargasso
[2020-04-03 16:05:59,760] multiqc                                            [DEBUG  ]  No samples found: verifybamid
[2020-04-03 16:05:59,769] multiqc                                            [DEBUG  ]  No samples found: mirtrace
[2020-04-03 16:05:59,778] multiqc                                            [DEBUG  ]  No samples found: happy
[2020-04-03 16:05:59,790] multiqc                                            [DEBUG  ]  No samples found: homer
[2020-04-03 16:05:59,799] multiqc                                            [DEBUG  ]  No samples found: macs2
[2020-04-03 16:05:59,808] multiqc                                            [DEBUG  ]  No samples found: theta2
[2020-04-03 16:05:59,817] multiqc                                            [DEBUG  ]  No samples found: snpeff
[2020-04-03 16:05:59,829] multiqc                                            [DEBUG  ]  No samples found: gatk
[2020-04-03 16:05:59,837] multiqc                                            [DEBUG  ]  No samples found: htseq
[2020-04-03 16:05:59,848] multiqc                                            [DEBUG  ]  No samples found: bcftools
[2020-04-03 16:05:59,857] multiqc                                            [DEBUG  ]  No samples found: featureCounts
[2020-04-03 16:05:59,867] multiqc                                            [DEBUG  ]  No samples found: fgbio
[2020-04-03 16:05:59,875] multiqc                                            [DEBUG  ]  No samples found: dedup
[2020-04-03 16:05:59,884] multiqc                                            [DEBUG  ]  No samples found: damageprofiler
[2020-04-03 16:05:59,913] multiqc                                            [DEBUG  ]  No samples found: biobambam2
[2020-04-03 16:05:59,922] multiqc                                            [DEBUG  ]  No samples found: mtnucratio
[2020-04-03 16:05:59,929] multiqc                                            [DEBUG  ]  No samples found: picard
[2020-04-03 16:05:59,938] multiqc                                            [DEBUG  ]  No samples found: prokka
[2020-04-03 16:05:59,947] multiqc                                            [DEBUG  ]  No samples found: samblaster
[2020-04-03 16:05:59,962] multiqc                                            [DEBUG  ]  No samples found: samtools
[2020-04-03 16:05:59,972] multiqc                                            [DEBUG  ]  No samples found: sexdeterrmine
[2020-04-03 16:05:59,982] multiqc                                            [DEBUG  ]  No samples found: bamtools
[2020-04-03 16:05:59,991] multiqc                                            [DEBUG  ]  No samples found: jellyfish
[2020-04-03 16:06:00,005] multiqc                                            [DEBUG  ]  No samples found: vcftools
[2020-04-03 16:06:00,014] multiqc                                            [DEBUG  ]  No samples found: longranger
[2020-04-03 16:06:00,023] multiqc                                            [DEBUG  ]  No samples found: stacks
[2020-04-03 16:06:00,047] multiqc                                            [DEBUG  ]  No samples found: bbmap
[2020-04-03 16:06:00,057] multiqc                                            [DEBUG  ]  No samples found: bismark
[2020-04-03 16:06:00,067] multiqc                                            [DEBUG  ]  No samples found: biscuit
[2020-04-03 16:06:00,075] multiqc                                            [DEBUG  ]  No samples found: hicexplorer
[2020-04-03 16:06:00,084] multiqc                                            [DEBUG  ]  No samples found: hicup
[2020-04-03 16:06:00,093] multiqc                                            [DEBUG  ]  No samples found: hicpro
[2020-04-03 16:06:00,102] multiqc                                            [DEBUG  ]  No samples found: salmon
[2020-04-03 16:06:00,111] multiqc                                            [DEBUG  ]  No samples found: kallisto
[2020-04-03 16:06:00,120] multiqc                                            [DEBUG  ]  No samples found: slamdunk
[2020-04-03 16:06:00,129] multiqc                                            [DEBUG  ]  No samples found: star
[2020-04-03 16:06:00,138] multiqc                                            [DEBUG  ]  No samples found: hisat2
[2020-04-03 16:06:00,147] multiqc                                            [DEBUG  ]  No samples found: tophat
[2020-04-03 16:06:00,156] multiqc                                            [DEBUG  ]  No samples found: bowtie2
[2020-04-03 16:06:00,165] multiqc                                            [DEBUG  ]  No samples found: bowtie1
[2020-04-03 16:06:00,174] multiqc                                            [DEBUG  ]  No samples found: kat
[2020-04-03 16:06:00,182] multiqc                                            [DEBUG  ]  No samples found: leehom
[2020-04-03 16:06:00,191] multiqc                                            [DEBUG  ]  No samples found: adapterRemoval
[2020-04-03 16:06:00,199] multiqc                                            [DEBUG  ]  No samples found: clipandmerge
[2020-04-03 16:06:00,208] multiqc                                            [DEBUG  ]  No samples found: cutadapt
[2020-04-03 16:06:00,216] multiqc                                            [DEBUG  ]  No samples found: flexbar
[2020-04-03 16:06:00,226] multiqc                                            [DEBUG  ]  No samples found: trimmomatic
[2020-04-03 16:06:00,235] multiqc                                            [DEBUG  ]  No samples found: skewer
[2020-04-03 16:06:00,243] multiqc                                            [DEBUG  ]  No samples found: sortmerna
[2020-04-03 16:06:00,252] multiqc                                            [DEBUG  ]  No samples found: biobloomtools
[2020-04-03 16:06:00,260] multiqc                                            [DEBUG  ]  No samples found: fastq_screen
[2020-04-03 16:06:00,268] multiqc                                            [DEBUG  ]  No samples found: afterqc
[2020-04-03 16:06:00,277] multiqc                                            [DEBUG  ]  No samples found: fastp
[2020-04-03 16:06:00,414] multiqc.modules.fastqc.fastqc                      [INFO   ]  Found 4 reports
[2020-04-03 16:06:00,530] multiqc                                            [DEBUG  ]  No samples found: minionqc
[2020-04-03 16:06:00,537] multiqc                                            [DEBUG  ]  No samples found: mosdepth
[2020-04-03 16:06:00,544] multiqc                                            [DEBUG  ]  No samples found: clusterflow
[2020-04-03 16:06:00,551] multiqc                                            [DEBUG  ]  No samples found: bcl2fastq
[2020-04-03 16:06:00,558] multiqc                                            [DEBUG  ]  No samples found: interop
[2020-04-03 16:06:00,565] multiqc                                            [DEBUG  ]  No samples found: flash
[2020-04-03 16:06:00,572] multiqc                                            [DEBUG  ]  No samples found: seqyclean
[2020-04-03 16:06:00,582] multiqc                                            [INFO   ]  Compressing plot data
[2020-04-03 16:06:00,675] multiqc                                            [INFO   ]  Report      : multiqc_report.html
[2020-04-03 16:06:00,675] multiqc                                            [INFO   ]  Data        : multiqc_data
[2020-04-03 16:06:00,679] multiqc                                            [DEBUG  ]  Moving data file from '/scratch/13141445/tmpy8qree3a/multiqc_data/multiqc_fastqc.txt' to '/domus/h1/camil/private/Genome_Analysis_Paper_4/analyses/1_assembly/1_1_reads_quality_control/multiqc_data'
[2020-04-03 16:06:00,682] multiqc                                            [DEBUG  ]  Moving data file from '/scratch/13141445/tmpy8qree3a/multiqc_data/multiqc_qualimap_bamqc_genome_results.txt' to '/domus/h1/camil/private/Genome_Analysis_Paper_4/analyses/1_assembly/1_1_reads_quality_control/multiqc_data'
[2020-04-03 16:06:00,684] multiqc                                            [DEBUG  ]  Moving data file from '/scratch/13141445/tmpy8qree3a/multiqc_data/multiqc_data.json' to '/domus/h1/camil/private/Genome_Analysis_Paper_4/analyses/1_assembly/1_1_reads_quality_control/multiqc_data'
[2020-04-03 16:06:00,689] multiqc                                            [DEBUG  ]  Moving data file from '/scratch/13141445/tmpy8qree3a/multiqc_data/multiqc_sources.txt' to '/domus/h1/camil/private/Genome_Analysis_Paper_4/analyses/1_assembly/1_1_reads_quality_control/multiqc_data'
[2020-04-03 16:06:00,691] multiqc                                            [DEBUG  ]  Moving data file from '/scratch/13141445/tmpy8qree3a/multiqc_data/multiqc_general_stats.txt' to '/domus/h1/camil/private/Genome_Analysis_Paper_4/analyses/1_assembly/1_1_reads_quality_control/multiqc_data'
[2020-04-03 16:06:00,902] multiqc                                            [INFO   ]  MultiQC complete
