[2020-04-23 13:53:03,119] multiqc                                            [DEBUG  ]  No MultiQC config found: /sw/bioinfo/MultiQC/1.8/rackham/lib/python3.6/site-packages/multiqc_config.yaml
[2020-04-23 13:53:03,119] multiqc                                            [DEBUG  ]  No MultiQC config found: /home/camil/.multiqc_config.yaml
[2020-04-23 13:53:03,120] multiqc                                            [DEBUG  ]  No MultiQC config found: multiqc_config.yaml
[2020-04-23 13:53:03,120] multiqc                                            [DEBUG  ]  Command used: /sw/bioinfo/MultiQC/1.8/rackham/bin/multiqc .
[2020-04-23 13:53:04,442] multiqc                                            [DEBUG  ]  Latest MultiQC version is v1.8
[2020-04-23 13:53:04,442] multiqc                                            [INFO   ]  This is MultiQC v1.8
[2020-04-23 13:53:04,443] multiqc                                            [DEBUG  ]  Command     : /sw/bioinfo/MultiQC/1.8/rackham/bin/multiqc .
[2020-04-23 13:53:04,443] multiqc                                            [DEBUG  ]  Working dir : /domus/h1/camil/private/Genome_Analysis_Paper_4/analyses/1_assembly/1_1_reads_quality_control/RNA_trimmed
[2020-04-23 13:53:04,443] multiqc                                            [INFO   ]  Template    : default
[2020-04-23 13:53:04,443] multiqc                                            [DEBUG  ]  Running Python 3.6.8 (default, Mar 14 2019, 16:13:09)  [GCC 4.8.5 20150623 (Red Hat 4.8.5-36)]
[2020-04-23 13:53:04,443] multiqc                                            [INFO   ]  Searching   : /domus/h1/camil/private/Genome_Analysis_Paper_4/analyses/1_assembly/1_1_reads_quality_control/RNA_trimmed
[2020-04-23 13:53:04,444] multiqc                                            [DEBUG  ]  Analysing modules: custom_content, conpair, peddy, methylQA, phantompeakqualtools, qualimap, preseq, quast, qorts, rna_seqc, rsem, rseqc, busco, goleft_indexcov, disambiguate, supernova, deeptools, sargasso, verifybamid, mirtrace, happy, homer, macs2, theta2, snpeff, gatk, htseq, bcftools, featureCounts, fgbio, dedup, damageprofiler, biobambam2, mtnucratio, picard, prokka, samblaster, samtools, sexdeterrmine, bamtools, jellyfish, vcftools, longranger, stacks, bbmap, bismark, biscuit, hicexplorer, hicup, hicpro, salmon, kallisto, slamdunk, star, hisat2, tophat, bowtie2, bowtie1, kat, leehom, adapterRemoval, clipandmerge, cutadapt, flexbar, trimmomatic, skewer, sortmerna, biobloomtools, fastq_screen, afterqc, fastp, fastqc, minionqc, mosdepth, clusterflow, bcl2fastq, interop, flash, seqyclean
[2020-04-23 13:53:04,444] multiqc                                            [DEBUG  ]  Using temporary directory for creating report: /scratch/13856346/tmpzlvgl9c6
[2020-04-23 13:53:04,630] multiqc                                            [DEBUG  ]  Ignoring file as matched an ignore pattern: SRR4342137_1_paired_fastqc.html
[2020-04-23 13:53:04,630] multiqc                                            [DEBUG  ]  Ignoring file as matched an ignore pattern: SRR4342137_1_unpaired_fastqc.html
[2020-04-23 13:53:04,630] multiqc                                            [DEBUG  ]  Ignoring file as matched an ignore pattern: SRR4342137_2_paired_fastqc.html
[2020-04-23 13:53:04,630] multiqc                                            [DEBUG  ]  Ignoring file as matched an ignore pattern: SRR4342137_2_unpaired_fastqc.html
[2020-04-23 13:53:04,630] multiqc                                            [DEBUG  ]  Ignoring file as matched an ignore pattern: SRR4342139_1_paired_fastqc.html
[2020-04-23 13:53:04,630] multiqc                                            [DEBUG  ]  Ignoring file as matched an ignore pattern: SRR4342139_1_unpaired_fastqc.html
[2020-04-23 13:53:04,631] multiqc                                            [DEBUG  ]  Ignoring file as matched an ignore pattern: SRR4342139_2_paired_fastqc.html
[2020-04-23 13:53:04,631] multiqc                                            [DEBUG  ]  Ignoring file as matched an ignore pattern: SRR4342139_2_unpaired_fastqc.html
[2020-04-23 13:53:04,697] multiqc                                            [DEBUG  ]  Ignoring file as matched an ignore pattern: fastqc_report.html
[2020-04-23 13:53:04,707] multiqc                                            [DEBUG  ]  File ignored by hicexplorer because it exceeded search pattern filesize limit: fastqc.fo
[2020-04-23 13:53:04,710] multiqc                                            [DEBUG  ]  File ignored by longranger/invocation because it exceeded search pattern filesize limit: fastqc.fo
[2020-04-23 13:53:04,773] multiqc                                            [DEBUG  ]  Ignoring file as matched an ignore pattern: fastqc_report.html
[2020-04-23 13:53:04,783] multiqc                                            [DEBUG  ]  File ignored by hicexplorer because it exceeded search pattern filesize limit: fastqc.fo
[2020-04-23 13:53:04,786] multiqc                                            [DEBUG  ]  File ignored by longranger/invocation because it exceeded search pattern filesize limit: fastqc.fo
[2020-04-23 13:53:04,848] multiqc                                            [DEBUG  ]  Ignoring file as matched an ignore pattern: fastqc_report.html
[2020-04-23 13:53:04,858] multiqc                                            [DEBUG  ]  File ignored by hicexplorer because it exceeded search pattern filesize limit: fastqc.fo
[2020-04-23 13:53:04,861] multiqc                                            [DEBUG  ]  File ignored by longranger/invocation because it exceeded search pattern filesize limit: fastqc.fo
[2020-04-23 13:53:04,923] multiqc                                            [DEBUG  ]  Ignoring file as matched an ignore pattern: fastqc_report.html
[2020-04-23 13:53:04,936] multiqc                                            [DEBUG  ]  File ignored by longranger/invocation because it exceeded search pattern filesize limit: fastqc.fo
[2020-04-23 13:53:04,998] multiqc                                            [DEBUG  ]  Ignoring file as matched an ignore pattern: fastqc_report.html
[2020-04-23 13:53:05,008] multiqc                                            [DEBUG  ]  File ignored by hicexplorer because it exceeded search pattern filesize limit: fastqc.fo
[2020-04-23 13:53:05,011] multiqc                                            [DEBUG  ]  File ignored by longranger/invocation because it exceeded search pattern filesize limit: fastqc.fo
[2020-04-23 13:53:05,074] multiqc                                            [DEBUG  ]  Ignoring file as matched an ignore pattern: fastqc_report.html
[2020-04-23 13:53:05,083] multiqc                                            [DEBUG  ]  File ignored by hicexplorer because it exceeded search pattern filesize limit: fastqc.fo
[2020-04-23 13:53:05,087] multiqc                                            [DEBUG  ]  File ignored by longranger/invocation because it exceeded search pattern filesize limit: fastqc.fo
[2020-04-23 13:53:05,150] multiqc                                            [DEBUG  ]  Ignoring file as matched an ignore pattern: fastqc_report.html
[2020-04-23 13:53:05,163] multiqc                                            [DEBUG  ]  File ignored by longranger/invocation because it exceeded search pattern filesize limit: fastqc.fo
[2020-04-23 13:53:05,220] multiqc                                            [DEBUG  ]  Ignoring file as matched an ignore pattern: fastqc_report.html
[2020-04-23 13:53:05,232] multiqc                                            [DEBUG  ]  File ignored by longranger/invocation because it exceeded search pattern filesize limit: fastqc.fo
[2020-04-23 13:53:05,749] multiqc.plots.bargraph                             [DEBUG  ]  Using matplotlib version 3.1.1
[2020-04-23 13:53:05,750] multiqc.plots.linegraph                            [DEBUG  ]  Using matplotlib version 3.1.1
[2020-04-23 13:53:05,753] multiqc                                            [DEBUG  ]  No samples found: custom_content
[2020-04-23 13:53:05,760] multiqc                                            [DEBUG  ]  No samples found: conpair
[2020-04-23 13:53:05,766] multiqc                                            [DEBUG  ]  No samples found: peddy
[2020-04-23 13:53:05,773] multiqc                                            [DEBUG  ]  No samples found: methylQA
[2020-04-23 13:53:05,780] multiqc                                            [DEBUG  ]  No samples found: phantompeakqualtools
[2020-04-23 13:53:05,790] multiqc                                            [DEBUG  ]  No samples found: qualimap
[2020-04-23 13:53:05,796] multiqc                                            [DEBUG  ]  No samples found: preseq
[2020-04-23 13:53:05,803] multiqc                                            [DEBUG  ]  No samples found: quast
[2020-04-23 13:53:05,810] multiqc                                            [DEBUG  ]  No samples found: qorts
[2020-04-23 13:53:05,816] multiqc                                            [DEBUG  ]  No samples found: rna_seqc
[2020-04-23 13:53:05,823] multiqc                                            [DEBUG  ]  No samples found: rsem
[2020-04-23 13:53:05,839] multiqc                                            [DEBUG  ]  No samples found: rseqc
[2020-04-23 13:53:05,845] multiqc                                            [DEBUG  ]  No samples found: busco
[2020-04-23 13:53:05,852] multiqc                                            [DEBUG  ]  No samples found: goleft_indexcov
[2020-04-23 13:53:05,859] multiqc                                            [DEBUG  ]  No samples found: disambiguate
[2020-04-23 13:53:05,866] multiqc                                            [DEBUG  ]  No samples found: supernova
[2020-04-23 13:53:05,882] multiqc                                            [DEBUG  ]  No samples found: deeptools
[2020-04-23 13:53:05,889] multiqc                                            [DEBUG  ]  No samples found: sargasso
[2020-04-23 13:53:05,896] multiqc                                            [DEBUG  ]  No samples found: verifybamid
[2020-04-23 13:53:05,903] multiqc                                            [DEBUG  ]  No samples found: mirtrace
[2020-04-23 13:53:05,910] multiqc                                            [DEBUG  ]  No samples found: happy
[2020-04-23 13:53:05,919] multiqc                                            [DEBUG  ]  No samples found: homer
[2020-04-23 13:53:05,926] multiqc                                            [DEBUG  ]  No samples found: macs2
[2020-04-23 13:53:05,933] multiqc                                            [DEBUG  ]  No samples found: theta2
[2020-04-23 13:53:05,939] multiqc                                            [DEBUG  ]  No samples found: snpeff
[2020-04-23 13:53:05,951] multiqc                                            [DEBUG  ]  No samples found: gatk
[2020-04-23 13:53:05,957] multiqc                                            [DEBUG  ]  No samples found: htseq
[2020-04-23 13:53:05,965] multiqc                                            [DEBUG  ]  No samples found: bcftools
[2020-04-23 13:53:05,972] multiqc                                            [DEBUG  ]  No samples found: featureCounts
[2020-04-23 13:53:05,979] multiqc                                            [DEBUG  ]  No samples found: fgbio
[2020-04-23 13:53:05,986] multiqc                                            [DEBUG  ]  No samples found: dedup
[2020-04-23 13:53:05,992] multiqc                                            [DEBUG  ]  No samples found: damageprofiler
[2020-04-23 13:53:06,018] multiqc                                            [DEBUG  ]  No samples found: biobambam2
[2020-04-23 13:53:06,025] multiqc                                            [DEBUG  ]  No samples found: mtnucratio
[2020-04-23 13:53:06,028] multiqc                                            [DEBUG  ]  No samples found: picard
[2020-04-23 13:53:06,035] multiqc                                            [DEBUG  ]  No samples found: prokka
[2020-04-23 13:53:06,041] multiqc                                            [DEBUG  ]  No samples found: samblaster
[2020-04-23 13:53:06,052] multiqc                                            [DEBUG  ]  No samples found: samtools
[2020-04-23 13:53:06,059] multiqc                                            [DEBUG  ]  No samples found: sexdeterrmine
[2020-04-23 13:53:06,067] multiqc                                            [DEBUG  ]  No samples found: bamtools
[2020-04-23 13:53:06,073] multiqc                                            [DEBUG  ]  No samples found: jellyfish
[2020-04-23 13:53:06,084] multiqc                                            [DEBUG  ]  No samples found: vcftools
[2020-04-23 13:53:06,091] multiqc                                            [DEBUG  ]  No samples found: longranger
[2020-04-23 13:53:06,098] multiqc                                            [DEBUG  ]  No samples found: stacks
[2020-04-23 13:53:06,117] multiqc                                            [DEBUG  ]  No samples found: bbmap
[2020-04-23 13:53:06,125] multiqc                                            [DEBUG  ]  No samples found: bismark
[2020-04-23 13:53:06,133] multiqc                                            [DEBUG  ]  No samples found: biscuit
[2020-04-23 13:53:06,139] multiqc                                            [DEBUG  ]  No samples found: hicexplorer
[2020-04-23 13:53:06,146] multiqc                                            [DEBUG  ]  No samples found: hicup
[2020-04-23 13:53:06,153] multiqc                                            [DEBUG  ]  No samples found: hicpro
[2020-04-23 13:53:06,160] multiqc                                            [DEBUG  ]  No samples found: salmon
[2020-04-23 13:53:06,166] multiqc                                            [DEBUG  ]  No samples found: kallisto
[2020-04-23 13:53:06,173] multiqc                                            [DEBUG  ]  No samples found: slamdunk
[2020-04-23 13:53:06,180] multiqc                                            [DEBUG  ]  No samples found: star
[2020-04-23 13:53:06,187] multiqc                                            [DEBUG  ]  No samples found: hisat2
[2020-04-23 13:53:06,193] multiqc                                            [DEBUG  ]  No samples found: tophat
[2020-04-23 13:53:06,200] multiqc                                            [DEBUG  ]  No samples found: bowtie2
[2020-04-23 13:53:06,207] multiqc                                            [DEBUG  ]  No samples found: bowtie1
[2020-04-23 13:53:06,213] multiqc                                            [DEBUG  ]  No samples found: kat
[2020-04-23 13:53:06,220] multiqc                                            [DEBUG  ]  No samples found: leehom
[2020-04-23 13:53:06,226] multiqc                                            [DEBUG  ]  No samples found: adapterRemoval
[2020-04-23 13:53:06,232] multiqc                                            [DEBUG  ]  No samples found: clipandmerge
[2020-04-23 13:53:06,238] multiqc                                            [DEBUG  ]  No samples found: cutadapt
[2020-04-23 13:53:06,244] multiqc                                            [DEBUG  ]  No samples found: flexbar
[2020-04-23 13:53:06,250] multiqc                                            [DEBUG  ]  No samples found: trimmomatic
[2020-04-23 13:53:06,256] multiqc                                            [DEBUG  ]  No samples found: skewer
[2020-04-23 13:53:06,261] multiqc                                            [DEBUG  ]  No samples found: sortmerna
[2020-04-23 13:53:06,267] multiqc                                            [DEBUG  ]  No samples found: biobloomtools
[2020-04-23 13:53:06,273] multiqc                                            [DEBUG  ]  No samples found: fastq_screen
[2020-04-23 13:53:06,279] multiqc                                            [DEBUG  ]  No samples found: afterqc
[2020-04-23 13:53:06,285] multiqc                                            [DEBUG  ]  No samples found: fastp
[2020-04-23 13:53:06,471] multiqc.modules.fastqc.fastqc                      [INFO   ]  Found 8 reports
[2020-04-23 13:53:06,616] multiqc                                            [DEBUG  ]  No samples found: minionqc
[2020-04-23 13:53:06,622] multiqc                                            [DEBUG  ]  No samples found: mosdepth
[2020-04-23 13:53:06,628] multiqc                                            [DEBUG  ]  No samples found: clusterflow
[2020-04-23 13:53:06,634] multiqc                                            [DEBUG  ]  No samples found: bcl2fastq
[2020-04-23 13:53:06,640] multiqc                                            [DEBUG  ]  No samples found: interop
[2020-04-23 13:53:06,646] multiqc                                            [DEBUG  ]  No samples found: flash
[2020-04-23 13:53:06,652] multiqc                                            [DEBUG  ]  No samples found: seqyclean
[2020-04-23 13:53:06,665] multiqc                                            [INFO   ]  Compressing plot data
[2020-04-23 13:53:06,807] multiqc                                            [INFO   ]  Report      : multiqc_report.html
[2020-04-23 13:53:06,807] multiqc                                            [INFO   ]  Data        : multiqc_data
[2020-04-23 13:53:06,807] multiqc                                            [DEBUG  ]  Moving data file from '/scratch/13856346/tmpzlvgl9c6/multiqc_data/multiqc_sources.txt' to '/domus/h1/camil/private/Genome_Analysis_Paper_4/analyses/1_assembly/1_1_reads_quality_control/RNA_trimmed/multiqc_data'
[2020-04-23 13:53:06,809] multiqc                                            [DEBUG  ]  Moving data file from '/scratch/13856346/tmpzlvgl9c6/multiqc_data/multiqc_data.json' to '/domus/h1/camil/private/Genome_Analysis_Paper_4/analyses/1_assembly/1_1_reads_quality_control/RNA_trimmed/multiqc_data'
[2020-04-23 13:53:06,817] multiqc                                            [DEBUG  ]  Moving data file from '/scratch/13856346/tmpzlvgl9c6/multiqc_data/multiqc_qualimap_bamqc_genome_results.txt' to '/domus/h1/camil/private/Genome_Analysis_Paper_4/analyses/1_assembly/1_1_reads_quality_control/RNA_trimmed/multiqc_data'
[2020-04-23 13:53:06,818] multiqc                                            [DEBUG  ]  Moving data file from '/scratch/13856346/tmpzlvgl9c6/multiqc_data/multiqc_general_stats.txt' to '/domus/h1/camil/private/Genome_Analysis_Paper_4/analyses/1_assembly/1_1_reads_quality_control/RNA_trimmed/multiqc_data'
[2020-04-23 13:53:06,819] multiqc                                            [DEBUG  ]  Moving data file from '/scratch/13856346/tmpzlvgl9c6/multiqc_data/multiqc_fastqc.txt' to '/domus/h1/camil/private/Genome_Analysis_Paper_4/analyses/1_assembly/1_1_reads_quality_control/RNA_trimmed/multiqc_data'
[2020-04-23 13:53:06,958] multiqc                                            [INFO   ]  MultiQC complete
