Started analysis of SRR4342137_1_paired.fastq.gz
Approx 5% complete for SRR4342137_1_paired.fastq.gz
Approx 10% complete for SRR4342137_1_paired.fastq.gz
Approx 15% complete for SRR4342137_1_paired.fastq.gz
Approx 20% complete for SRR4342137_1_paired.fastq.gz
Approx 25% complete for SRR4342137_1_paired.fastq.gz
Approx 30% complete for SRR4342137_1_paired.fastq.gz
Approx 35% complete for SRR4342137_1_paired.fastq.gz
Approx 40% complete for SRR4342137_1_paired.fastq.gz
Approx 45% complete for SRR4342137_1_paired.fastq.gz
Approx 50% complete for SRR4342137_1_paired.fastq.gz
Approx 55% complete for SRR4342137_1_paired.fastq.gz
Approx 60% complete for SRR4342137_1_paired.fastq.gz
Approx 65% complete for SRR4342137_1_paired.fastq.gz
Approx 70% complete for SRR4342137_1_paired.fastq.gz
Approx 75% complete for SRR4342137_1_paired.fastq.gz
Approx 80% complete for SRR4342137_1_paired.fastq.gz
Approx 85% complete for SRR4342137_1_paired.fastq.gz
Approx 90% complete for SRR4342137_1_paired.fastq.gz
Approx 95% complete for SRR4342137_1_paired.fastq.gz
Analysis complete for SRR4342137_1_paired.fastq.gz
Started analysis of SRR4342137_1_unpaired.fastq.gz
Approx 5% complete for SRR4342137_1_unpaired.fastq.gz
Approx 10% complete for SRR4342137_1_unpaired.fastq.gz
Approx 15% complete for SRR4342137_1_unpaired.fastq.gz
Approx 20% complete for SRR4342137_1_unpaired.fastq.gz
Approx 25% complete for SRR4342137_1_unpaired.fastq.gz
Approx 30% complete for SRR4342137_1_unpaired.fastq.gz
Approx 35% complete for SRR4342137_1_unpaired.fastq.gz
Approx 40% complete for SRR4342137_1_unpaired.fastq.gz
Approx 45% complete for SRR4342137_1_unpaired.fastq.gz
Approx 50% complete for SRR4342137_1_unpaired.fastq.gz
Approx 55% complete for SRR4342137_1_unpaired.fastq.gz
Approx 60% complete for SRR4342137_1_unpaired.fastq.gz
Approx 65% complete for SRR4342137_1_unpaired.fastq.gz
Approx 70% complete for SRR4342137_1_unpaired.fastq.gz
Approx 75% complete for SRR4342137_1_unpaired.fastq.gz
Approx 80% complete for SRR4342137_1_unpaired.fastq.gz
Approx 85% complete for SRR4342137_1_unpaired.fastq.gz
Approx 90% complete for SRR4342137_1_unpaired.fastq.gz
Approx 95% complete for SRR4342137_1_unpaired.fastq.gz
Analysis complete for SRR4342137_1_unpaired.fastq.gz
Started analysis of SRR4342137_2_paired.fastq.gz
Approx 5% complete for SRR4342137_2_paired.fastq.gz
Approx 10% complete for SRR4342137_2_paired.fastq.gz
Approx 15% complete for SRR4342137_2_paired.fastq.gz
Approx 20% complete for SRR4342137_2_paired.fastq.gz
Approx 25% complete for SRR4342137_2_paired.fastq.gz
Approx 30% complete for SRR4342137_2_paired.fastq.gz
Approx 35% complete for SRR4342137_2_paired.fastq.gz
Approx 40% complete for SRR4342137_2_paired.fastq.gz
Approx 45% complete for SRR4342137_2_paired.fastq.gz
Approx 50% complete for SRR4342137_2_paired.fastq.gz
Approx 55% complete for SRR4342137_2_paired.fastq.gz
Approx 60% complete for SRR4342137_2_paired.fastq.gz
Approx 65% complete for SRR4342137_2_paired.fastq.gz
Approx 70% complete for SRR4342137_2_paired.fastq.gz
Approx 75% complete for SRR4342137_2_paired.fastq.gz
Approx 80% complete for SRR4342137_2_paired.fastq.gz
Approx 85% complete for SRR4342137_2_paired.fastq.gz
Approx 90% complete for SRR4342137_2_paired.fastq.gz
Approx 95% complete for SRR4342137_2_paired.fastq.gz
Analysis complete for SRR4342137_2_paired.fastq.gz
Started analysis of SRR4342137_2_unpaired.fastq.gz
Approx 15% complete for SRR4342137_2_unpaired.fastq.gz
Approx 30% complete for SRR4342137_2_unpaired.fastq.gz
Approx 45% complete for SRR4342137_2_unpaired.fastq.gz
Approx 60% complete for SRR4342137_2_unpaired.fastq.gz
Approx 80% complete for SRR4342137_2_unpaired.fastq.gz
Approx 95% complete for SRR4342137_2_unpaired.fastq.gz
Analysis complete for SRR4342137_2_unpaired.fastq.gz
Started analysis of SRR4342139_1_paired.fastq.gz
Approx 5% complete for SRR4342139_1_paired.fastq.gz
Approx 10% complete for SRR4342139_1_paired.fastq.gz
Approx 15% complete for SRR4342139_1_paired.fastq.gz
Approx 20% complete for SRR4342139_1_paired.fastq.gz
Approx 25% complete for SRR4342139_1_paired.fastq.gz
Approx 30% complete for SRR4342139_1_paired.fastq.gz
Approx 35% complete for SRR4342139_1_paired.fastq.gz
Approx 40% complete for SRR4342139_1_paired.fastq.gz
Approx 45% complete for SRR4342139_1_paired.fastq.gz
Approx 50% complete for SRR4342139_1_paired.fastq.gz
Approx 55% complete for SRR4342139_1_paired.fastq.gz
Approx 60% complete for SRR4342139_1_paired.fastq.gz
Approx 65% complete for SRR4342139_1_paired.fastq.gz
Approx 70% complete for SRR4342139_1_paired.fastq.gz
Approx 75% complete for SRR4342139_1_paired.fastq.gz
Approx 80% complete for SRR4342139_1_paired.fastq.gz
Approx 85% complete for SRR4342139_1_paired.fastq.gz
Approx 90% complete for SRR4342139_1_paired.fastq.gz
Approx 95% complete for SRR4342139_1_paired.fastq.gz
Analysis complete for SRR4342139_1_paired.fastq.gz
Started analysis of SRR4342139_1_unpaired.fastq.gz
Approx 5% complete for SRR4342139_1_unpaired.fastq.gz
Approx 10% complete for SRR4342139_1_unpaired.fastq.gz
Approx 15% complete for SRR4342139_1_unpaired.fastq.gz
Approx 20% complete for SRR4342139_1_unpaired.fastq.gz
Approx 25% complete for SRR4342139_1_unpaired.fastq.gz
Approx 30% complete for SRR4342139_1_unpaired.fastq.gz
Approx 35% complete for SRR4342139_1_unpaired.fastq.gz
Approx 40% complete for SRR4342139_1_unpaired.fastq.gz
Approx 45% complete for SRR4342139_1_unpaired.fastq.gz
Approx 50% complete for SRR4342139_1_unpaired.fastq.gz
Approx 55% complete for SRR4342139_1_unpaired.fastq.gz
Approx 60% complete for SRR4342139_1_unpaired.fastq.gz
Approx 65% complete for SRR4342139_1_unpaired.fastq.gz
Approx 70% complete for SRR4342139_1_unpaired.fastq.gz
Approx 75% complete for SRR4342139_1_unpaired.fastq.gz
Approx 80% complete for SRR4342139_1_unpaired.fastq.gz
Approx 85% complete for SRR4342139_1_unpaired.fastq.gz
Approx 90% complete for SRR4342139_1_unpaired.fastq.gz
Approx 95% complete for SRR4342139_1_unpaired.fastq.gz
Analysis complete for SRR4342139_1_unpaired.fastq.gz
Started analysis of SRR4342139_2_paired.fastq.gz
Approx 5% complete for SRR4342139_2_paired.fastq.gz
Approx 10% complete for SRR4342139_2_paired.fastq.gz
Approx 15% complete for SRR4342139_2_paired.fastq.gz
Approx 20% complete for SRR4342139_2_paired.fastq.gz
Approx 25% complete for SRR4342139_2_paired.fastq.gz
Approx 30% complete for SRR4342139_2_paired.fastq.gz
Approx 35% complete for SRR4342139_2_paired.fastq.gz
Approx 40% complete for SRR4342139_2_paired.fastq.gz
Approx 45% complete for SRR4342139_2_paired.fastq.gz
Approx 50% complete for SRR4342139_2_paired.fastq.gz
Approx 55% complete for SRR4342139_2_paired.fastq.gz
Approx 60% complete for SRR4342139_2_paired.fastq.gz
Approx 65% complete for SRR4342139_2_paired.fastq.gz
Approx 70% complete for SRR4342139_2_paired.fastq.gz
Approx 75% complete for SRR4342139_2_paired.fastq.gz
Approx 80% complete for SRR4342139_2_paired.fastq.gz
Approx 85% complete for SRR4342139_2_paired.fastq.gz
Approx 90% complete for SRR4342139_2_paired.fastq.gz
Approx 95% complete for SRR4342139_2_paired.fastq.gz
Analysis complete for SRR4342139_2_paired.fastq.gz
Started analysis of SRR4342139_2_unpaired.fastq.gz
Approx 20% complete for SRR4342139_2_unpaired.fastq.gz
Approx 40% complete for SRR4342139_2_unpaired.fastq.gz
Approx 65% complete for SRR4342139_2_unpaired.fastq.gz
Approx 85% complete for SRR4342139_2_unpaired.fastq.gz
Analysis complete for SRR4342139_2_unpaired.fastq.gz
Archive:  SRR4342137_1_paired_fastqc.zip
   creating: SRR4342137_1_paired_fastqc/
   creating: SRR4342137_1_paired_fastqc/Icons/
   creating: SRR4342137_1_paired_fastqc/Images/
  inflating: SRR4342137_1_paired_fastqc/Icons/fastqc_icon.png  
  inflating: SRR4342137_1_paired_fastqc/Icons/warning.png  
  inflating: SRR4342137_1_paired_fastqc/Icons/error.png  
  inflating: SRR4342137_1_paired_fastqc/Icons/tick.png  
  inflating: SRR4342137_1_paired_fastqc/summary.txt  
  inflating: SRR4342137_1_paired_fastqc/Images/per_base_quality.png  
  inflating: SRR4342137_1_paired_fastqc/Images/per_tile_quality.png  
  inflating: SRR4342137_1_paired_fastqc/Images/per_sequence_quality.png  
  inflating: SRR4342137_1_paired_fastqc/Images/per_base_sequence_content.png  
  inflating: SRR4342137_1_paired_fastqc/Images/per_sequence_gc_content.png  
  inflating: SRR4342137_1_paired_fastqc/Images/per_base_n_content.png  
  inflating: SRR4342137_1_paired_fastqc/Images/sequence_length_distribution.png  
  inflating: SRR4342137_1_paired_fastqc/Images/duplication_levels.png  
  inflating: SRR4342137_1_paired_fastqc/Images/adapter_content.png  
  inflating: SRR4342137_1_paired_fastqc/fastqc_report.html  
  inflating: SRR4342137_1_paired_fastqc/fastqc_data.txt  
  inflating: SRR4342137_1_paired_fastqc/fastqc.fo  

Archive:  SRR4342137_1_unpaired_fastqc.zip
   creating: SRR4342137_1_unpaired_fastqc/
   creating: SRR4342137_1_unpaired_fastqc/Icons/
   creating: SRR4342137_1_unpaired_fastqc/Images/
  inflating: SRR4342137_1_unpaired_fastqc/Icons/fastqc_icon.png  
  inflating: SRR4342137_1_unpaired_fastqc/Icons/warning.png  
  inflating: SRR4342137_1_unpaired_fastqc/Icons/error.png  
  inflating: SRR4342137_1_unpaired_fastqc/Icons/tick.png  
  inflating: SRR4342137_1_unpaired_fastqc/summary.txt  
  inflating: SRR4342137_1_unpaired_fastqc/Images/per_base_quality.png  
  inflating: SRR4342137_1_unpaired_fastqc/Images/per_tile_quality.png  
  inflating: SRR4342137_1_unpaired_fastqc/Images/per_sequence_quality.png  
  inflating: SRR4342137_1_unpaired_fastqc/Images/per_base_sequence_content.png  
  inflating: SRR4342137_1_unpaired_fastqc/Images/per_sequence_gc_content.png  
  inflating: SRR4342137_1_unpaired_fastqc/Images/per_base_n_content.png  
  inflating: SRR4342137_1_unpaired_fastqc/Images/sequence_length_distribution.png  
  inflating: SRR4342137_1_unpaired_fastqc/Images/duplication_levels.png  
  inflating: SRR4342137_1_unpaired_fastqc/Images/adapter_content.png  
  inflating: SRR4342137_1_unpaired_fastqc/fastqc_report.html  
  inflating: SRR4342137_1_unpaired_fastqc/fastqc_data.txt  
  inflating: SRR4342137_1_unpaired_fastqc/fastqc.fo  

Archive:  SRR4342137_2_paired_fastqc.zip
   creating: SRR4342137_2_paired_fastqc/
   creating: SRR4342137_2_paired_fastqc/Icons/
   creating: SRR4342137_2_paired_fastqc/Images/
  inflating: SRR4342137_2_paired_fastqc/Icons/fastqc_icon.png  
  inflating: SRR4342137_2_paired_fastqc/Icons/warning.png  
  inflating: SRR4342137_2_paired_fastqc/Icons/error.png  
  inflating: SRR4342137_2_paired_fastqc/Icons/tick.png  
  inflating: SRR4342137_2_paired_fastqc/summary.txt  
  inflating: SRR4342137_2_paired_fastqc/Images/per_base_quality.png  
  inflating: SRR4342137_2_paired_fastqc/Images/per_tile_quality.png  
  inflating: SRR4342137_2_paired_fastqc/Images/per_sequence_quality.png  
  inflating: SRR4342137_2_paired_fastqc/Images/per_base_sequence_content.png  
  inflating: SRR4342137_2_paired_fastqc/Images/per_sequence_gc_content.png  
  inflating: SRR4342137_2_paired_fastqc/Images/per_base_n_content.png  
  inflating: SRR4342137_2_paired_fastqc/Images/sequence_length_distribution.png  
  inflating: SRR4342137_2_paired_fastqc/Images/duplication_levels.png  
  inflating: SRR4342137_2_paired_fastqc/Images/adapter_content.png  
  inflating: SRR4342137_2_paired_fastqc/fastqc_report.html  
  inflating: SRR4342137_2_paired_fastqc/fastqc_data.txt  
  inflating: SRR4342137_2_paired_fastqc/fastqc.fo  

Archive:  SRR4342137_2_unpaired_fastqc.zip
   creating: SRR4342137_2_unpaired_fastqc/
   creating: SRR4342137_2_unpaired_fastqc/Icons/
   creating: SRR4342137_2_unpaired_fastqc/Images/
  inflating: SRR4342137_2_unpaired_fastqc/Icons/fastqc_icon.png  
  inflating: SRR4342137_2_unpaired_fastqc/Icons/warning.png  
  inflating: SRR4342137_2_unpaired_fastqc/Icons/error.png  
  inflating: SRR4342137_2_unpaired_fastqc/Icons/tick.png  
  inflating: SRR4342137_2_unpaired_fastqc/summary.txt  
  inflating: SRR4342137_2_unpaired_fastqc/Images/per_base_quality.png  
  inflating: SRR4342137_2_unpaired_fastqc/Images/per_tile_quality.png  
  inflating: SRR4342137_2_unpaired_fastqc/Images/per_sequence_quality.png  
  inflating: SRR4342137_2_unpaired_fastqc/Images/per_base_sequence_content.png  
  inflating: SRR4342137_2_unpaired_fastqc/Images/per_sequence_gc_content.png  
  inflating: SRR4342137_2_unpaired_fastqc/Images/per_base_n_content.png  
  inflating: SRR4342137_2_unpaired_fastqc/Images/sequence_length_distribution.png  
  inflating: SRR4342137_2_unpaired_fastqc/Images/duplication_levels.png  
  inflating: SRR4342137_2_unpaired_fastqc/Images/adapter_content.png  
  inflating: SRR4342137_2_unpaired_fastqc/fastqc_report.html  
  inflating: SRR4342137_2_unpaired_fastqc/fastqc_data.txt  
  inflating: SRR4342137_2_unpaired_fastqc/fastqc.fo  

Archive:  SRR4342139_1_paired_fastqc.zip
   creating: SRR4342139_1_paired_fastqc/
   creating: SRR4342139_1_paired_fastqc/Icons/
   creating: SRR4342139_1_paired_fastqc/Images/
  inflating: SRR4342139_1_paired_fastqc/Icons/fastqc_icon.png  
  inflating: SRR4342139_1_paired_fastqc/Icons/warning.png  
  inflating: SRR4342139_1_paired_fastqc/Icons/error.png  
  inflating: SRR4342139_1_paired_fastqc/Icons/tick.png  
  inflating: SRR4342139_1_paired_fastqc/summary.txt  
  inflating: SRR4342139_1_paired_fastqc/Images/per_base_quality.png  
  inflating: SRR4342139_1_paired_fastqc/Images/per_tile_quality.png  
  inflating: SRR4342139_1_paired_fastqc/Images/per_sequence_quality.png  
  inflating: SRR4342139_1_paired_fastqc/Images/per_base_sequence_content.png  
  inflating: SRR4342139_1_paired_fastqc/Images/per_sequence_gc_content.png  
  inflating: SRR4342139_1_paired_fastqc/Images/per_base_n_content.png  
  inflating: SRR4342139_1_paired_fastqc/Images/sequence_length_distribution.png  
  inflating: SRR4342139_1_paired_fastqc/Images/duplication_levels.png  
  inflating: SRR4342139_1_paired_fastqc/Images/adapter_content.png  
  inflating: SRR4342139_1_paired_fastqc/fastqc_report.html  
  inflating: SRR4342139_1_paired_fastqc/fastqc_data.txt  
  inflating: SRR4342139_1_paired_fastqc/fastqc.fo  

Archive:  SRR4342139_1_unpaired_fastqc.zip
   creating: SRR4342139_1_unpaired_fastqc/
   creating: SRR4342139_1_unpaired_fastqc/Icons/
   creating: SRR4342139_1_unpaired_fastqc/Images/
  inflating: SRR4342139_1_unpaired_fastqc/Icons/fastqc_icon.png  
  inflating: SRR4342139_1_unpaired_fastqc/Icons/warning.png  
  inflating: SRR4342139_1_unpaired_fastqc/Icons/error.png  
  inflating: SRR4342139_1_unpaired_fastqc/Icons/tick.png  
  inflating: SRR4342139_1_unpaired_fastqc/summary.txt  
  inflating: SRR4342139_1_unpaired_fastqc/Images/per_base_quality.png  
  inflating: SRR4342139_1_unpaired_fastqc/Images/per_tile_quality.png  
  inflating: SRR4342139_1_unpaired_fastqc/Images/per_sequence_quality.png  
  inflating: SRR4342139_1_unpaired_fastqc/Images/per_base_sequence_content.png  
  inflating: SRR4342139_1_unpaired_fastqc/Images/per_sequence_gc_content.png  
  inflating: SRR4342139_1_unpaired_fastqc/Images/per_base_n_content.png  
  inflating: SRR4342139_1_unpaired_fastqc/Images/sequence_length_distribution.png  
  inflating: SRR4342139_1_unpaired_fastqc/Images/duplication_levels.png  
  inflating: SRR4342139_1_unpaired_fastqc/Images/adapter_content.png  
  inflating: SRR4342139_1_unpaired_fastqc/fastqc_report.html  
  inflating: SRR4342139_1_unpaired_fastqc/fastqc_data.txt  
  inflating: SRR4342139_1_unpaired_fastqc/fastqc.fo  

Archive:  SRR4342139_2_paired_fastqc.zip
   creating: SRR4342139_2_paired_fastqc/
   creating: SRR4342139_2_paired_fastqc/Icons/
   creating: SRR4342139_2_paired_fastqc/Images/
  inflating: SRR4342139_2_paired_fastqc/Icons/fastqc_icon.png  
  inflating: SRR4342139_2_paired_fastqc/Icons/warning.png  
  inflating: SRR4342139_2_paired_fastqc/Icons/error.png  
  inflating: SRR4342139_2_paired_fastqc/Icons/tick.png  
  inflating: SRR4342139_2_paired_fastqc/summary.txt  
  inflating: SRR4342139_2_paired_fastqc/Images/per_base_quality.png  
  inflating: SRR4342139_2_paired_fastqc/Images/per_tile_quality.png  
  inflating: SRR4342139_2_paired_fastqc/Images/per_sequence_quality.png  
  inflating: SRR4342139_2_paired_fastqc/Images/per_base_sequence_content.png  
  inflating: SRR4342139_2_paired_fastqc/Images/per_sequence_gc_content.png  
  inflating: SRR4342139_2_paired_fastqc/Images/per_base_n_content.png  
  inflating: SRR4342139_2_paired_fastqc/Images/sequence_length_distribution.png  
  inflating: SRR4342139_2_paired_fastqc/Images/duplication_levels.png  
  inflating: SRR4342139_2_paired_fastqc/Images/adapter_content.png  
  inflating: SRR4342139_2_paired_fastqc/fastqc_report.html  
  inflating: SRR4342139_2_paired_fastqc/fastqc_data.txt  
  inflating: SRR4342139_2_paired_fastqc/fastqc.fo  

Archive:  SRR4342139_2_unpaired_fastqc.zip
   creating: SRR4342139_2_unpaired_fastqc/
   creating: SRR4342139_2_unpaired_fastqc/Icons/
   creating: SRR4342139_2_unpaired_fastqc/Images/
  inflating: SRR4342139_2_unpaired_fastqc/Icons/fastqc_icon.png  
  inflating: SRR4342139_2_unpaired_fastqc/Icons/warning.png  
  inflating: SRR4342139_2_unpaired_fastqc/Icons/error.png  
  inflating: SRR4342139_2_unpaired_fastqc/Icons/tick.png  
  inflating: SRR4342139_2_unpaired_fastqc/summary.txt  
  inflating: SRR4342139_2_unpaired_fastqc/Images/per_base_quality.png  
  inflating: SRR4342139_2_unpaired_fastqc/Images/per_tile_quality.png  
  inflating: SRR4342139_2_unpaired_fastqc/Images/per_sequence_quality.png  
  inflating: SRR4342139_2_unpaired_fastqc/Images/per_base_sequence_content.png  
  inflating: SRR4342139_2_unpaired_fastqc/Images/per_sequence_gc_content.png  
  inflating: SRR4342139_2_unpaired_fastqc/Images/per_base_n_content.png  
  inflating: SRR4342139_2_unpaired_fastqc/Images/sequence_length_distribution.png  
  inflating: SRR4342139_2_unpaired_fastqc/Images/duplication_levels.png  
  inflating: SRR4342139_2_unpaired_fastqc/Images/adapter_content.png  
  inflating: SRR4342139_2_unpaired_fastqc/fastqc_report.html  
  inflating: SRR4342139_2_unpaired_fastqc/fastqc_data.txt  
  inflating: SRR4342139_2_unpaired_fastqc/fastqc.fo  

8 archives were successfully processed.
[INFO   ]         multiqc : This is MultiQC v1.8
[INFO   ]         multiqc : Template    : default
[INFO   ]         multiqc : Searching   : /domus/h1/camil/private/Genome_Analysis_Paper_4/analyses/1_assembly/1_1_reads_quality_control/RNA_trimmed
[INFO   ]          fastqc : Found 8 reports
[INFO   ]         multiqc : Compressing plot data
[INFO   ]         multiqc : Report      : multiqc_report.html
[INFO   ]         multiqc : Data        : multiqc_data
[INFO   ]         multiqc : MultiQC complete
