125.0Gb memory in total.
Using: 112.828Gb.
MEGAHIT v1.1.2
--- [Wed Apr 15 13:34:11 2020] Start assembly. Number of CPU threads 20 ---
--- [Wed Apr 15 13:34:11 2020] Available memory: 134609518592, used: 121148566732
--- [Wed Apr 15 13:34:11 2020] Converting reads to binaries ---
    [read_lib_functions-inl.h  : 209]     Lib 0 (/proj/g2020008/4_Thrash_2017/DNA_trimmed/SRR4342129_1.paired.trimmed.fastq.gz,/proj/g2020008/4_Thrash_2017/DNA_trimmed/SRR4342129_2.paired.trimmed.fastq.gz): pe, 48110692 reads, 101 max length
    [utils.h                   : 126]     Real: 123.6826	user: 41.4160	sys: 5.9799	maxrss: 152944
--- [Wed Apr 15 13:36:16 2020] k list: 65,75,85,95,105 ---
--- [Wed Apr 15 13:36:16 2020] Extracting solid (k+1)-mers and building sdbg for k = 65 ---
--- [Wed Apr 15 14:11:44 2020] Assembling contigs from SdBG for k = 65 ---
--- [Wed Apr 15 14:33:05 2020] Local assembling k = 65 ---
--- [Wed Apr 15 14:55:34 2020] Extracting iterative edges from k = 65 to 75 ---
--- [Wed Apr 15 15:01:09 2020] Building graph for k = 75 ---
--- [Wed Apr 15 15:02:53 2020] Assembling contigs from SdBG for k = 75 ---
--- [Wed Apr 15 15:11:20 2020] Local assembling k = 75 ---
--- [Wed Apr 15 15:29:35 2020] Extracting iterative edges from k = 75 to 85 ---
--- [Wed Apr 15 15:33:30 2020] Building graph for k = 85 ---
--- [Wed Apr 15 15:34:57 2020] Assembling contigs from SdBG for k = 85 ---
--- [Wed Apr 15 15:42:38 2020] Local assembling k = 85 ---
--- [Wed Apr 15 15:59:45 2020] Extracting iterative edges from k = 85 to 95 ---
--- [Wed Apr 15 16:02:22 2020] Building graph for k = 95 ---
--- [Wed Apr 15 16:03:51 2020] Assembling contigs from SdBG for k = 95 ---
--- [Wed Apr 15 16:13:45 2020] Local assembling k = 95 ---
--- [Wed Apr 15 16:30:28 2020] Extracting iterative edges from k = 95 to 105 ---
--- [Wed Apr 15 16:30:32 2020] Building graph for k = 105 ---
--- [Wed Apr 15 16:31:36 2020] Assembling contigs from SdBG for k = 105 ---
--- [Wed Apr 15 16:40:25 2020] Merging to output final contigs ---
--- [STAT] 159938 contigs, total 118995209 bp, min 200 bp, max 128464 bp, avg 744 bp, N50 800 bp
--- [Wed Apr 15 16:40:27 2020] ALL DONE. Time elapsed: 11176.197950 seconds ---
